v8-version,14,7,173,20,-rusty,0
v8-platform,linux,linux
new,CodeRange,0x7f0640000000,0
new,MemoryChunk,0x3b0bb50c0000,262144
new,MemoryChunk,0x28a6af740000,262144
new,MemoryChunk,0x3fe33c0000,262144
new,MemoryChunk,0x3aa0a3740000,262144
new,MemoryChunk,0x34545cb00000,262144
new,MemoryChunk,0x20612f840000,262144
new,MemoryChunk,0x3889fc440000,262144
new,MemoryChunk,0x2e39cc700000,262144
new,MemoryChunk,0x182b1b580000,262144
new,MemoryChunk,0x13ee27480000,262144
heap-capacity,1048512
heap-available,4397727616
new,MemoryChunk,0x13d409640000,262144
new,MemoryChunk,0x1b34ca200000,262144
new,MemoryChunk,0x678be640000,262144
new,MemoryChunk,0x26d0dddc0000,262144
new,MemoryChunk,0x1a267f600000,262144
new,MemoryChunk,0x224df04c0000,262144
new,MemoryChunk,0x11b0dc300000,262144
new,MemoryChunk,0x2531b1280000,262144
new,MemoryChunk,0x147326200000,262144
new,MemoryChunk,0x3a84a0380000,262144
new,MemoryChunk,0x1048cd680000,262144
new,MemoryChunk,0xc4bccd40000,262144
new,MemoryChunk,0x2d223ab00000,262144
new,MemoryChunk,0x5abee680000,262144
new,MemoryChunk,0x559c4a40000,262144
new,MemoryChunk,0x3bba95cc0000,208896
new,MemoryChunk,0x2ccca1280000,262144
new,MemoryChunk,0x2ae475f40000,262144
new,MemoryChunk,0x15f3edc40000,262144
new,MemoryChunk,0x2c8508200000,262144
new,MemoryChunk,0xe02a75c0000,262144
new,MemoryChunk,0x1a4f9c9c0000,262144
new,MemoryChunk,0x1cdc87080000,262144
new,MemoryChunk,0x20d2e8e00000,155648
new,MemoryChunk,0x2471855c0000,262144
new,MemoryChunk,0x32d795cc0000,262144
new,MemoryChunk,0xfdc79880000,262144
new,MemoryChunk,0x3c6123980000,262144
new,MemoryChunk,0x29289e200000,262144
new,MemoryChunk,0x22bc7a800000,262144
new,MemoryChunk,0xf0033600000,262144
new,MemoryChunk,0x2ee8f3e00000,262144
new,MemoryChunk,0x25f18580000,262144
new,MemoryChunk,0x3f541a1c0000,262144
new,MemoryChunk,0x22e056cc0000,262144
new,MemoryChunk,0x21f8db740000,262144
new,MemoryChunk,0x5e4fc1c0000,262144
new,MemoryChunk,0x8a2c54c0000,262144
new,MemoryChunk,0x2bb5be4c0000,262144
new,MemoryChunk,0x2da277d40000,262144
new,MemoryChunk,0x3c7f21080000,262144
new,MemoryChunk,0x2cbc9c300000,262144
new,MemoryChunk,0xd29e4980000,262144
new,MemoryChunk,0x16ec7dfc0000,262144
new,MemoryChunk,0x7f0640000000,262144
new,MemoryChunk,0x3223d4840000,262144
new,MemoryChunk,0x2550f6b40000,262144
new,MemoryChunk,0x103b12400000,262144
new,MemoryChunk,0x2e753e380000,262144
new,MemoryChunk,0x2c25c3e40000,262144
new,MemoryChunk,0xf299f340000,262144
new,MemoryChunk,0x231217cc0000,262144
new,MemoryChunk,0x224cb1640000,262144
new,MemoryChunk,0x39dc0bd40000,262144
new,MemoryChunk,0x3f058d700000,262144
new,MemoryChunk,0x211f88100000,262144
new,MemoryChunk,0x7f0640040000,262144
new,MemoryChunk,0xe13daac0000,262144
new,MemoryChunk,0x2d3e1100000,262144
new,MemoryChunk,0x1db70ddc0000,262144
new,MemoryChunk,0x26bfac300000,262144
new,MemoryChunk,0x2b5e2a240000,262144
new,MemoryChunk,0x3bc8692c0000,262144
new,MemoryChunk,0x151d9c240000,262144
new,MemoryChunk,0x30ccfc8c0000,262144
new,MemoryChunk,0x25a2f2b80000,262144
new,MemoryChunk,0x36693cd00000,262144
new,MemoryChunk,0x23b64c040000,262144
new,MemoryChunk,0x813a2d40000,262144
new,MemoryChunk,0x21c495ac0000,262144
new,MemoryChunk,0x395cb1480000,262144
new,MemoryChunk,0x4d5fa0c0000,262144
new,MemoryChunk,0x454bc0000,262144
new,MemoryChunk,0x180ecbc40000,262144
new,MemoryChunk,0x3df459d40000,262144
new,MemoryChunk,0x28dafa100000,262144
new,MemoryChunk,0xf6040000000,262144
new,MemoryChunk,0x2f105de80000,262144
new,MemoryChunk,0x20cbdca00000,262144
new,MemoryChunk,0x3249b7f00000,262144
new,MemoryChunk,0x1f9264640000,262144
new,MemoryChunk,0x1a1d602c0000,262144
new,MemoryChunk,0x2ef40fb80000,262144
new,MemoryChunk,0x2f0796ac0000,262144
new,MemoryChunk,0x3a3953340000,262144
new,MemoryChunk,0x260104000000,262144
new,MemoryChunk,0x2f911bdc0000,262144
new,MemoryChunk,0x30e648c0000,262144
new,MemoryChunk,0x170dc60c0000,262144
new,MemoryChunk,0x25476d380000,262144
new,MemoryChunk,0x3659475c0000,262144
new,MemoryChunk,0x37f9a6b00000,262144
new,MemoryChunk,0x3add9f940000,262144
new,MemoryChunk,0x2bc85b580000,262144
new,MemoryChunk,0x1e1f37240000,262144
new,MemoryChunk,0x2bd352c40000,262144
new,MemoryChunk,0x299f57c80000,262144
new,MemoryChunk,0x2afb52080000,262144
new,MemoryChunk,0x7f0640080000,262144
delete,MemoryChunk,0x7f06641a0290
delete,MemoryChunk,0x7f06640c9c30
delete,MemoryChunk,0x7f066411ac10
delete,MemoryChunk,0x7f06640fa680
delete,MemoryChunk,0x7f0664116850
delete,MemoryChunk,0x7f066412c360
delete,MemoryChunk,0x7f0664117bd0
delete,MemoryChunk,0x7f0664111ff0
delete,MemoryChunk,0x7f06641022a0
delete,MemoryChunk,0x7f06640ff260
delete,MemoryChunk,0x7f0664118d30
delete,MemoryChunk,0x7f06641003c0
delete,MemoryChunk,0x7f06780088f0
delete,MemoryChunk,0x7f0664007600
new,MemoryChunk,0x128c55100000,262144
new,MemoryChunk,0x1c7ad4c0000,262144
new,MemoryChunk,0x64805900000,262144
new,MemoryChunk,0x3c2304480000,262144
new,MemoryChunk,0x169e36700000,262144
new,MemoryChunk,0x2f3cfeb80000,262144
new,MemoryChunk,0x7d5c5600000,262144
new,MemoryChunk,0x18cef2040000,262144
new,MemoryChunk,0x3d2c3fe40000,262144
new,MemoryChunk,0x134801540000,262144
new,MemoryChunk,0x1bb4f7d40000,262144
new,MemoryChunk,0x3deb7f540000,262144
new,MemoryChunk,0x1b723f240000,262144
new,MemoryChunk,0x4df2ce40000,262144
new,MemoryChunk,0x109ec1200000,262144
new,MemoryChunk,0x21d0c5c80000,262144
new,MemoryChunk,0x1b07e7f40000,262144
new,MemoryChunk,0x24fb351c0000,262144
new,MemoryChunk,0x3b828a4c0000,262144
new,MemoryChunk,0x315ae4cc0000,262144
new,MemoryChunk,0x6c812d00000,262144
new,MemoryChunk,0x28a8d32c0000,262144
new,MemoryChunk,0x1a05c1cc0000,262144
new,MemoryChunk,0x220fe59c0000,262144
new,MemoryChunk,0x31b72eb00000,262144
new,MemoryChunk,0x64da7740000,262144
new,MemoryChunk,0x1f9811100000,262144
new,MemoryChunk,0x383e4d240000,262144
new,MemoryChunk,0x3d8d40a00000,262144
new,MemoryChunk,0x3c33b8080000,262144
new,MemoryChunk,0x23d91a300000,262144
new,MemoryChunk,0xd9eef700000,262144
new,MemoryChunk,0x3d1f80540000,262144
new,MemoryChunk,0x277e9b380000,262144
new,MemoryChunk,0x16c2fef80000,262144
new,MemoryChunk,0x31e64b8c0000,262144
new,MemoryChunk,0xe10228c0000,262144
new,MemoryChunk,0x15ab1f300000,262144
new,MemoryChunk,0x2cb87f800000,262144
new,MemoryChunk,0x18c5e8c80000,262144
new,MemoryChunk,0x2577a8700000,262144
new,MemoryChunk,0x39b151d80000,262144
new,MemoryChunk,0x9a6d6640000,262144
new,MemoryChunk,0x104b48900000,262144
new,MemoryChunk,0x1ccb88c80000,262144
new,MemoryChunk,0x3be7de140000,262144
new,MemoryChunk,0x36cc7b100000,262144
new,MemoryChunk,0x177a35080000,262144
new,MemoryChunk,0x3636a02c0000,262144
new,MemoryChunk,0x2d6112040000,262144
new,MemoryChunk,0x3dcb0a580000,262144
new,MemoryChunk,0x736745c0000,262144
new,MemoryChunk,0x16780440000,262144
new,MemoryChunk,0x2c9a56600000,262144
new,MemoryChunk,0xbc48c00000,262144
new,MemoryChunk,0x365858300000,262144
new,MemoryChunk,0x1c63f9dc0000,262144
new,MemoryChunk,0x2a479d540000,262144
new,MemoryChunk,0x7f23a3c0000,262144
new,MemoryChunk,0x1f33f9f40000,262144
new,MemoryChunk,0x798b8400000,262144
new,MemoryChunk,0x2f417bbc0000,262144
new,MemoryChunk,0x11a841080000,262144
new,MemoryChunk,0x3d17c6980000,262144
new,MemoryChunk,0x390cda00000,262144
new,MemoryChunk,0x9f8b3140000,262144
new,MemoryChunk,0x3649237c0000,262144
new,MemoryChunk,0xabdac0c0000,262144
new,MemoryChunk,0x16cf13640000,262144
new,MemoryChunk,0x23d7815c0000,262144
new,MemoryChunk,0x5b5b140000,262144
new,MemoryChunk,0x39dd4d140000,262144
new,MemoryChunk,0x1ac1886c0000,262144
new,MemoryChunk,0x28bd760c0000,262144
new,MemoryChunk,0x342177bc0000,262144
new,MemoryChunk,0x2f9ee0100000,262144
new,MemoryChunk,0x321904340000,262144
new,MemoryChunk,0x2241ed00000,262144
new,MemoryChunk,0x2479f4ac0000,262144
new,MemoryChunk,0x2e0dc7900000,262144
new,MemoryChunk,0x2d4656100000,262144
new,MemoryChunk,0xc5e94040000,262144
new,MemoryChunk,0xffc36380000,262144
new,MemoryChunk,0x3eea93b40000,262144
new,MemoryChunk,0x1d7d4ef40000,262144
new,MemoryChunk,0x15ff23bc0000,262144
new,MemoryChunk,0x1cc7c1040000,262144
new,MemoryChunk,0x3fb6775c0000,262144
new,MemoryChunk,0x3745126c0000,262144
new,MemoryChunk,0x2f023a800000,262144
new,MemoryChunk,0x12c511640000,262144
new,MemoryChunk,0x8e95b640000,262144
new,MemoryChunk,0x19fbad280000,262144
new,MemoryChunk,0x3697ac280000,262144
new,MemoryChunk,0x2d19b6540000,262144
new,MemoryChunk,0x38aec2400000,262144
new,MemoryChunk,0x2f36dc040000,262144
new,MemoryChunk,0x3a6db0b80000,262144
new,MemoryChunk,0x2b9dce440000,262144
new,MemoryChunk,0x13e2c7680000,262144
new,MemoryChunk,0x24f211d00000,262144
new,MemoryChunk,0xb0b0440000,262144
new,MemoryChunk,0x3db04b540000,262144
