v8-version,14,7,173,20,-rusty,0
v8-platform,linux,linux
new,CodeRange,0x7f371c000000,0
new,MemoryChunk,0x32fb16b00000,262144
new,MemoryChunk,0x242da8440000,262144
new,MemoryChunk,0x38be13540000,262144
new,MemoryChunk,0x33202c5c0000,262144
new,MemoryChunk,0x21237cc80000,262144
new,MemoryChunk,0x30ac44100000,262144
new,MemoryChunk,0x1cddae240000,262144
new,MemoryChunk,0x30c047340000,262144
new,MemoryChunk,0x3fa4cc180000,262144
new,MemoryChunk,0x3bfc30580000,262144
heap-capacity,1048512
heap-available,4397727616
new,MemoryChunk,0x27b3c1880000,262144
new,MemoryChunk,0x325706e80000,262144
new,MemoryChunk,0x3f5ac6040000,262144
new,MemoryChunk,0x487a6240000,262144
new,MemoryChunk,0xdae6bc00000,262144
new,MemoryChunk,0x2c8cc3580000,262144
new,MemoryChunk,0x3b238b980000,262144
new,MemoryChunk,0x133d47dc0000,262144
new,MemoryChunk,0x1d4c0d400000,262144
new,MemoryChunk,0x18ddbb4c0000,262144
new,MemoryChunk,0x9476c400000,262144
new,MemoryChunk,0x3d92c3780000,262144
new,MemoryChunk,0x2cfedea40000,262144
new,MemoryChunk,0x277ebfe40000,262144
new,MemoryChunk,0x242b70a80000,262144
new,MemoryChunk,0x167bf900000,208896
new,MemoryChunk,0x1c4325d00000,262144
new,MemoryChunk,0x3cd1c0900000,262144
new,MemoryChunk,0x19a3cd500000,262144
new,MemoryChunk,0xc1e17180000,262144
new,MemoryChunk,0xa98c96c0000,262144
new,MemoryChunk,0x35b1d9cc0000,262144
new,MemoryChunk,0x2577c1280000,262144
new,MemoryChunk,0x36e4bb880000,155648
new,MemoryChunk,0x2b96ffdc0000,262144
new,MemoryChunk,0x3f82bc7c0000,262144
new,MemoryChunk,0x2eab65980000,262144
new,MemoryChunk,0x26b63b280000,262144
new,MemoryChunk,0x1c2cf0d80000,262144
new,MemoryChunk,0x28eff9500000,262144
new,MemoryChunk,0x3fe0ab0c0000,262144
new,MemoryChunk,0x3cb3073c0000,262144
new,MemoryChunk,0x14f75b400000,262144
new,MemoryChunk,0x1300a4400000,262144
new,MemoryChunk,0x1f05c94c0000,262144
new,MemoryChunk,0x3c2a2ee00000,262144
new,MemoryChunk,0x3a1fe9300000,262144
new,MemoryChunk,0x3832a24c0000,262144
new,MemoryChunk,0x1ff2d7e80000,262144
new,MemoryChunk,0x35dece4c0000,262144
new,MemoryChunk,0x31ffab8c0000,262144
new,MemoryChunk,0x326916b00000,262144
new,MemoryChunk,0x151d16e80000,262144
new,MemoryChunk,0x23337b5c0000,262144
new,MemoryChunk,0x7f371c000000,262144
new,MemoryChunk,0x16ee39d40000,262144
new,MemoryChunk,0x163c7bb00000,262144
new,MemoryChunk,0x1104a4c40000,262144
new,MemoryChunk,0x10a2d9840000,262144
new,MemoryChunk,0x2a6f9ab40000,262144
new,MemoryChunk,0x1f0060780000,262144
new,MemoryChunk,0x759e2180000,262144
new,MemoryChunk,0x2bced3500000,262144
new,MemoryChunk,0x2639e2980000,262144
new,MemoryChunk,0x39df32c40000,262144
new,MemoryChunk,0x19e930c40000,262144
new,MemoryChunk,0x7f371c040000,262144
new,MemoryChunk,0x3c34d01c0000,262144
new,MemoryChunk,0x12b8e6a40000,262144
new,MemoryChunk,0x20fff8bc0000,262144
new,MemoryChunk,0xc4898080000,262144
new,MemoryChunk,0x2e0dfa400000,262144
new,MemoryChunk,0x111dac100000,262144
new,MemoryChunk,0xc8aa1e40000,262144
new,MemoryChunk,0x3c9fada80000,262144
new,MemoryChunk,0x3798c9280000,262144
new,MemoryChunk,0x15ccfd940000,262144
new,MemoryChunk,0x21a828e80000,262144
new,MemoryChunk,0x338b8840000,262144
new,MemoryChunk,0x559a4300000,262144
new,MemoryChunk,0x1d6a86100000,262144
new,MemoryChunk,0x2358f0900000,262144
new,MemoryChunk,0x396c9a280000,262144
new,MemoryChunk,0xc7f70400000,262144
new,MemoryChunk,0x3f48c7b00000,262144
new,MemoryChunk,0x27c62f380000,262144
new,MemoryChunk,0x2b26dce80000,262144
new,MemoryChunk,0x20afaec80000,262144
new,MemoryChunk,0x19a6ec0000,262144
new,MemoryChunk,0x1f71dd640000,262144
new,MemoryChunk,0xbc6fee00000,262144
new,MemoryChunk,0x1a15f8a40000,262144
new,MemoryChunk,0x3464a4a00000,262144
new,MemoryChunk,0x10462e500000,262144
new,MemoryChunk,0x285604ec0000,262144
new,MemoryChunk,0x3c649f600000,262144
new,MemoryChunk,0xbe977dc0000,262144
new,MemoryChunk,0x3b0472900000,262144
new,MemoryChunk,0x8b9392c0000,262144
new,MemoryChunk,0x2f05a3780000,262144
new,MemoryChunk,0x644ca300000,262144
new,MemoryChunk,0x15fb35640000,262144
new,MemoryChunk,0x15a79e580000,262144
new,MemoryChunk,0x332fabf00000,262144
new,MemoryChunk,0x2342b8dc0000,262144
new,MemoryChunk,0x178f5bb40000,262144
new,MemoryChunk,0x36223ffc0000,262144
new,MemoryChunk,0x2e60df300000,262144
new,MemoryChunk,0x7f371c080000,262144
delete,MemoryChunk,0x7f3754007e60
delete,MemoryChunk,0x7f3754008fc0
delete,MemoryChunk,0x55c547459910
delete,MemoryChunk,0x7f37540036d0
delete,MemoryChunk,0x7f37541912b0
delete,MemoryChunk,0x7f375418b6f0
delete,MemoryChunk,0x7f3754222f50
delete,MemoryChunk,0x55c547462410
delete,MemoryChunk,0x7f3754161720
delete,MemoryChunk,0x7f3754006640
delete,MemoryChunk,0x55c547463570
delete,MemoryChunk,0x7f3754186e90
delete,MemoryChunk,0x7f375418dbb0
new,MemoryChunk,0x338322680000,262144
delete,MemoryChunk,0x7f374c0d4550
delete,MemoryChunk,0x7f374c0757f0
delete,MemoryChunk,0x7f374c007640
new,MemoryChunk,0x3d1c96900000,262144
new,MemoryChunk,0x35f752f40000,262144
new,MemoryChunk,0x10508be00000,262144
new,MemoryChunk,0x23df9ec40000,262144
new,MemoryChunk,0x40511fc0000,262144
new,MemoryChunk,0x106fc6600000,262144
new,MemoryChunk,0x3153519c0000,262144
new,MemoryChunk,0x2857b40000,262144
new,MemoryChunk,0x2204d9880000,262144
new,MemoryChunk,0x3d3ac2d40000,262144
new,MemoryChunk,0x288c3f0c0000,262144
new,MemoryChunk,0x3b6749580000,262144
new,MemoryChunk,0x158051f80000,262144
new,MemoryChunk,0x6001bd80000,262144
new,MemoryChunk,0x88931580000,262144
new,MemoryChunk,0x141e82fc0000,262144
new,MemoryChunk,0x3485938c0000,262144
new,MemoryChunk,0x1f2ac7300000,262144
new,MemoryChunk,0x3acf7fb80000,262144
new,MemoryChunk,0x114e2ea00000,262144
new,MemoryChunk,0x32b2e6980000,262144
new,MemoryChunk,0x2b00aba00000,262144
new,MemoryChunk,0x3bba082c0000,262144
new,MemoryChunk,0x995cf00000,262144
new,MemoryChunk,0x2673c4ec0000,262144
new,MemoryChunk,0x1094600c0000,262144
new,MemoryChunk,0x1e556e080000,262144
new,MemoryChunk,0x274557100000,262144
new,MemoryChunk,0x122a69300000,262144
new,MemoryChunk,0x17d76bb80000,262144
new,MemoryChunk,0x3740b8080000,262144
new,MemoryChunk,0x14187c680000,262144
new,MemoryChunk,0x1a0a0a700000,262144
new,MemoryChunk,0x578d63c0000,262144
new,MemoryChunk,0x1ff042200000,262144
new,MemoryChunk,0xef821cc0000,262144
new,MemoryChunk,0x1bb282b00000,262144
new,MemoryChunk,0x1db851e40000,262144
new,MemoryChunk,0x31fa43140000,262144
new,MemoryChunk,0xfd178a00000,262144
new,MemoryChunk,0xb15b2980000,262144
new,MemoryChunk,0xe972b280000,262144
new,MemoryChunk,0x256352fc0000,262144
new,MemoryChunk,0xd7bd4c40000,262144
new,MemoryChunk,0x225c27a00000,262144
new,MemoryChunk,0x5fca9140000,262144
new,MemoryChunk,0x1a3558280000,262144
new,MemoryChunk,0x2ebd641c0000,262144
new,MemoryChunk,0x8c41b980000,262144
new,MemoryChunk,0xd5482680000,262144
new,MemoryChunk,0x373062f80000,262144
new,MemoryChunk,0x3f99ced80000,262144
new,MemoryChunk,0x3bea65cc0000,262144
new,MemoryChunk,0x2747a7040000,262144
new,MemoryChunk,0xa12094c0000,262144
new,MemoryChunk,0x246a50900000,262144
new,MemoryChunk,0x2cce48040000,262144
new,MemoryChunk,0x8db614c0000,262144
new,MemoryChunk,0x2f0539240000,262144
new,MemoryChunk,0x3319a0780000,262144
new,MemoryChunk,0x342f3e040000,262144
new,MemoryChunk,0xb7c44680000,262144
new,MemoryChunk,0xaf9288c0000,262144
new,MemoryChunk,0x13ee24b40000,262144
new,MemoryChunk,0x50fb31c0000,262144
new,MemoryChunk,0xa6fbe040000,262144
new,MemoryChunk,0x33fc9a200000,262144
new,MemoryChunk,0xed7662c0000,262144
new,MemoryChunk,0x194d03480000,262144
new,MemoryChunk,0x3e6875a80000,262144
new,MemoryChunk,0x98075240000,262144
new,MemoryChunk,0x1acd62f80000,262144
new,MemoryChunk,0x3e544ab80000,262144
new,MemoryChunk,0xb0ef7900000,262144
new,MemoryChunk,0xaaa77480000,262144
new,MemoryChunk,0x3a8cf5f80000,262144
new,MemoryChunk,0x1ffbdd480000,262144
new,MemoryChunk,0x3ac4c3580000,262144
new,MemoryChunk,0x18f85f80000,262144
new,MemoryChunk,0x2425b3dc0000,262144
new,MemoryChunk,0x90d79c0000,262144
new,MemoryChunk,0x20811ba00000,262144
new,MemoryChunk,0x16413bdc0000,262144
new,MemoryChunk,0x364090100000,262144
new,MemoryChunk,0x2ffa84980000,262144
new,MemoryChunk,0x2be27bf40000,262144
new,MemoryChunk,0x113202a00000,262144
new,MemoryChunk,0x10c37a7c0000,262144
new,MemoryChunk,0xc11e7700000,262144
new,MemoryChunk,0x2870c6bc0000,262144
new,MemoryChunk,0x24dbaba40000,262144
new,MemoryChunk,0x14fa5c000000,262144
new,MemoryChunk,0x16d13a980000,262144
new,MemoryChunk,0x1c8de4580000,262144
new,MemoryChunk,0x28a129540000,262144
new,MemoryChunk,0x1d57d4280000,262144
new,MemoryChunk,0x1a9462540000,262144
new,MemoryChunk,0x23409580000,262144
new,MemoryChunk,0x12ad419c0000,262144
new,MemoryChunk,0x150869cc0000,262144
new,MemoryChunk,0x6a0517c0000,262144
new,MemoryChunk,0x2dff2600000,262144
new,MemoryChunk,0x3d9cb480000,262144
new,MemoryChunk,0x18f857fc0000,262144
new,MemoryChunk,0x2276d1480000,262144
new,MemoryChunk,0x1f2dbc6c0000,262144
new,MemoryChunk,0xf509f600000,262144
new,MemoryChunk,0x15d343b40000,262144
new,MemoryChunk,0x12f3c0a80000,262144
